00:29:15 - Json file not found in C:\Users\Wyatt\AppData\Roaming\.minecraft\versions\1.8.8\1.8.8.json
00:29:15 - Please run launcher & Minecraft at least once.
00:30:53 - !! jars\versions\1.8.8\1.8.8-natives not found !!
00:30:53 - !! Libraries check FAILED. Make sure to copy the entire .minecraft/libraries folder into jars !!
00:36:49 - '"scalac.bat" -encoding UTF-8 -deprecation -target:jvm-1.6 -classpath "jars\versions\1.8.8\1.8.8.jar;lib;lib\*;jars\libraries\com\mojang\netty\1.8.8\netty-1.8.8.jar;jars\libraries\oshi-project\oshi-core\1.1\oshi-core-1.1.jar;jars\libraries\net\java\dev\jna\jna\3.4.0\jna-3.4.0.jar;jars\libraries\net\java\dev\jna\platform\3.4.0\platform-3.4.0.jar;jars\libraries\com\ibm\icu\icu4j-core-mojang\51.2\icu4j-core-mojang-51.2.jar;jars\libraries\net\sf\jopt-simple\jopt-simple\4.6\jopt-simple-4.6.jar;jars\libraries\com\paulscode\codecjorbis\20101023\codecjorbis-20101023.jar;jars\libraries\com\paulscode\codecwav\20101023\codecwav-20101023.jar;jars\libraries\com\paulscode\libraryjavasound\20101123\libraryjavasound-20101123.jar;jars\libraries\com\paulscode\librarylwjglopenal\20100824\librarylwjglopenal-20100824.jar;jars\libraries\com\paulscode\soundsystem\20120107\soundsystem-20120107.jar;jars\libraries\io\netty\netty-all\4.0.23.Final\netty-all-4.0.23.Final.jar;jars\libraries\com\google\guava\guava\17.0\guava-17.0.jar;jars\libraries\org\apache\commons\commons-lang3\3.3.2\commons-lang3-3.3.2.jar;jars\libraries\commons-io\commons-io\2.4\commons-io-2.4.jar;jars\libraries\commons-codec\commons-codec\1.9\commons-codec-1.9.jar;jars\libraries\net\java\jinput\jinput\2.0.5\jinput-2.0.5.jar;jars\libraries\net\java\jutils\jutils\1.0.0\jutils-1.0.0.jar;jars\libraries\com\google\code\gson\gson\2.2.4\gson-2.2.4.jar;jars\libraries\com\mojang\authlib\1.5.21\authlib-1.5.21.jar;jars\libraries\com\mojang\realms\1.7.39\realms-1.7.39.jar;jars\libraries\org\apache\commons\commons-compress\1.8.1\commons-compress-1.8.1.jar;jars\libraries\org\apache\httpcomponents\httpclient\4.3.3\httpclient-4.3.3.jar;jars\libraries\commons-logging\commons-logging\1.1.3\commons-logging-1.1.3.jar;jars\libraries\org\apache\httpcomponents\httpcore\4.3.2\httpcore-4.3.2.jar;jars\libraries\org\apache\logging\log4j\log4j-api\2.0-beta9\log4j-api-2.0-beta9.jar;jars\libraries\org\apache\logging\log4j\log4j-core\2.0-beta9\log4j-core-2.0-beta9.jar;jars\libraries\org\lwjgl\lwjgl\lwjgl\2.9.4-nightly-20150209\lwjgl-2.9.4-nightly-20150209.jar;jars\libraries\org\lwjgl\lwjgl\lwjgl_util\2.9.4-nightly-20150209\lwjgl_util-2.9.4-nightly-20150209.jar;jars\libraries\org\lwjgl\lwjgl\lwjgl-platform\2.9.4-nightly-20150209\lwjgl-platform-2.9.4-nightly-20150209-natives-windows.jar;jars\libraries\net\java\jinput\jinput-platform\2.0.5\jinput-platform-2.0.5-natives-windows.jar;jars\libraries\tv\twitch\twitch\6.5\twitch-6.5.jar;jars\libraries\tv\twitch\twitch-platform\6.5\twitch-platform-6.5-natives-windows-64.jar;jars\libraries\tv\twitch\twitch-external-platform\4.5\twitch-external-platform-4.5-natives-windows-64.jar" -sourcepath src\minecraft -d bin\minecraft @temp\java_src_client.txt @temp\scala_src_client.txt' failed : 1
00:36:49 - 
00:36:49 - == ERRORS FOUND in SCALA CODE ==
00:36:49 - 
00:36:49 -  === Your scala version is out of date, update to at least 2.10.0 ===
00:36:49 - bad option '-target:jvm-1.6' was ignored
00:36:49 - [31m[31m-- [E057] Type Mismatch Error: src\minecraft\net\minecraft\block\BlockFlower.java:60:33 [0m[0m
00:36:49 - [31m60 |[0m    public IProperty<BlockFlower.EnumFlowerType> getTypeProperty()
00:36:49 - [31m[31m   |[0m                                 ^[0m
00:36:49 - 
00:36:49 - [31m   |[0mType argument net.minecraft.block.BlockFlower.EnumFlowerType does not conform to upper bound Comparable[net.minecraft.block.BlockFlower.EnumFlowerType]
00:36:49 - [31m   |[0m
00:36:49 - [31m   |[0m longer explanation available when compiling with `-explain`
00:36:49 - [31m[31m-- [E057] Type Mismatch Error: src\minecraft\net\minecraft\block\BlockRail.java:28:35 [0m[0m
00:36:49 - [31m28 |[0m    public IProperty<BlockRailBase.EnumRailDirection> getShapeProperty()
00:36:49 - [31m[31m   |[0m                                   ^[0m
00:36:49 - 
00:36:49 - [31m   |[0mType argument net.minecraft.block.BlockRailBase.EnumRailDirection does not conform to upper bound Comparable[net.minecraft.block.BlockRailBase.EnumRailDirection]
00:36:49 - [31m   |[0m
00:36:49 - [31m   |[0m longer explanation available when compiling with `-explain`
00:36:49 - [31m[31m-- [E057] Type Mismatch Error: src\minecraft\net\minecraft\block\BlockRailBase.java:182:44 [0m[0m
00:36:49 - [31m182 |[0m    public [33mabstract[0m IProperty<BlockRailBase.EnumRailDirection> getShapeProperty();
00:36:49 - [31m[31m    |[0m                                            ^[0m
00:36:49 - 
00:36:49 - [31m    |[0mType argument net.minecraft.block.BlockRailBase.EnumRailDirection does not conform to upper bound Comparable[net.minecraft.block.BlockRailBase.EnumRailDirection]
00:36:49 - [31m    |[0m
00:36:49 - [31m    |[0m longer explanation available when compiling with `-explain`
00:36:49 - [31m[31m-- [E057] Type Mismatch Error: src\minecraft\net\minecraft\block\BlockRailDetector.java:137:35 [0m[0m
00:36:49 - [31m137 |[0m    public IProperty<BlockRailBase.EnumRailDirection> getShapeProperty()
00:36:49 - [31m[31m    |[0m                                   ^[0m
00:36:49 - 
00:36:49 - [31m    |[0mType argument net.minecraft.block.BlockRailBase.EnumRailDirection does not conform to upper bound Comparable[net.minecraft.block.BlockRailBase.EnumRailDirection]
00:36:49 - [31m    |[0m
00:36:49 - [31m    |[0m longer explanation available when compiling with `-explain`
00:36:49 - [31m[31m-- [E057] Type Mismatch Error: src\minecraft\net\minecraft\block\BlockRailPowered.java:166:35 [0m[0m
00:36:49 - [31m166 |[0m    public IProperty<BlockRailBase.EnumRailDirection> getShapeProperty()
00:36:49 - [31m[31m    |[0m                                   ^[0m
00:36:49 - 
00:36:49 - [31m    |[0mType argument net.minecraft.block.BlockRailBase.EnumRailDirection does not conform to upper bound Comparable[net.minecraft.block.BlockRailBase.EnumRailDirection]
00:36:49 - [31m    |[0m
00:36:49 - [31m    |[0m longer explanation available when compiling with `-explain`
00:36:49 - 1 warning found
00:36:49 - 5 errors found
00:36:49 - ================================
00:36:49 - 
00:36:49 - Initial client recompile failed, correct source then run updatemd5
00:36:55 - '"scalac.bat" -encoding UTF-8 -deprecation -target:jvm-1.6 -classpath "lib;lib\*;jars\minecraft_server.jar" -sourcepath src\minecraft_server -d bin\minecraft_server @temp\java_src_server.txt @temp\scala_src_server.txt' failed : 1
00:36:55 - 
00:36:55 - == ERRORS FOUND in SCALA CODE ==
00:36:55 - 
00:36:55 -  === Your scala version is out of date, update to at least 2.10.0 ===
00:36:55 - bad option '-target:jvm-1.6' was ignored
00:36:55 - [31m[31m-- [E057] Type Mismatch Error: src\minecraft_server\net\minecraft\block\BlockFlower.java:45:33 [0m[0m
00:36:55 - [31m45 |[0m    public IProperty<BlockFlower.EnumFlowerType> getTypeProperty()
00:36:55 - [31m[31m   |[0m                                 ^[0m
00:36:55 - 
00:36:55 - [31m   |[0mType argument net.minecraft.block.BlockFlower.EnumFlowerType does not conform to upper bound Comparable[net.minecraft.block.BlockFlower.EnumFlowerType]
00:36:55 - [31m   |[0m
00:36:55 - [31m   |[0m longer explanation available when compiling with `-explain`
00:36:55 - [31m[31m-- [E057] Type Mismatch Error: src\minecraft_server\net\minecraft\block\BlockRail.java:28:35 [0m[0m
00:36:55 - [31m28 |[0m    public IProperty<BlockRailBase.EnumRailDirection> getShapeProperty()
00:36:55 - [31m[31m   |[0m                                   ^[0m
00:36:55 - 
00:36:55 - [31m   |[0mType argument net.minecraft.block.BlockRailBase.EnumRailDirection does not conform to upper bound Comparable[net.minecraft.block.BlockRailBase.EnumRailDirection]
00:36:55 - [31m   |[0m
00:36:55 - [31m   |[0m longer explanation available when compiling with `-explain`
00:36:55 - [31m[31m-- [E057] Type Mismatch Error: src\minecraft_server\net\minecraft\block\BlockRailBase.java:176:44 [0m[0m
00:36:55 - [31m176 |[0m    public [33mabstract[0m IProperty<BlockRailBase.EnumRailDirection> getShapeProperty();
00:36:55 - [31m[31m    |[0m                                            ^[0m
00:36:55 - 
00:36:55 - [31m    |[0mType argument net.minecraft.block.BlockRailBase.EnumRailDirection does not conform to upper bound Comparable[net.minecraft.block.BlockRailBase.EnumRailDirection]
00:36:55 - [31m    |[0m
00:36:55 - [31m    |[0m longer explanation available when compiling with `-explain`
00:36:55 - [31m[31m-- [E057] Type Mismatch Error: src\minecraft_server\net\minecraft\block\BlockRailDetector.java:137:35 [0m[0m
00:36:55 - [31m137 |[0m    public IProperty<BlockRailBase.EnumRailDirection> getShapeProperty()
00:36:55 - [31m[31m    |[0m                                   ^[0m
00:36:55 - 
00:36:55 - [31m    |[0mType argument net.minecraft.block.BlockRailBase.EnumRailDirection does not conform to upper bound Comparable[net.minecraft.block.BlockRailBase.EnumRailDirection]
00:36:55 - [31m    |[0m
00:36:55 - [31m    |[0m longer explanation available when compiling with `-explain`
00:36:55 - [31m[31m-- [E057] Type Mismatch Error: src\minecraft_server\net\minecraft\block\BlockRailPowered.java:166:35 [0m[0m
00:36:55 - [31m166 |[0m    public IProperty<BlockRailBase.EnumRailDirection> getShapeProperty()
00:36:55 - [31m[31m    |[0m                                   ^[0m
00:36:55 - 
00:36:55 - [31m    |[0mType argument net.minecraft.block.BlockRailBase.EnumRailDirection does not conform to upper bound Comparable[net.minecraft.block.BlockRailBase.EnumRailDirection]
00:36:55 - [31m    |[0m
00:36:55 - [31m    |[0m longer explanation available when compiling with `-explain`
00:36:55 - 1 warning found
00:36:55 - 5 errors found
00:36:55 - ================================
00:36:55 - 
00:36:55 - Initial server recompile failed, correct source then run updatemd5
