00:30:59 - !! jars\versions\1.9.4\1.9.4-natives not found !!
00:30:59 - !! Libraries check FAILED. Make sure to copy the entire .minecraft/libraries folder into jars !!
00:40:14 - '"scalac.bat" -encoding UTF-8 -deprecation -target:jvm-1.6 -classpath "jars\versions\1.9.4\1.9.4.jar;lib;lib\*;jars\libraries\com\google\code\findbugs\jsr305\3.0.1\jsr305-3.0.1.jar;jars\libraries\com\mojang\netty\1.8.8\netty-1.8.8.jar;jars\libraries\oshi-project\oshi-core\1.1\oshi-core-1.1.jar;jars\libraries\net\java\dev\jna\jna\3.4.0\jna-3.4.0.jar;jars\libraries\net\java\dev\jna\platform\3.4.0\platform-3.4.0.jar;jars\libraries\com\ibm\icu\icu4j-core-mojang\51.2\icu4j-core-mojang-51.2.jar;jars\libraries\net\sf\jopt-simple\jopt-simple\4.6\jopt-simple-4.6.jar;jars\libraries\com\paulscode\codecjorbis\20101023\codecjorbis-20101023.jar;jars\libraries\com\paulscode\codecwav\20101023\codecwav-20101023.jar;jars\libraries\com\paulscode\libraryjavasound\20101123\libraryjavasound-20101123.jar;jars\libraries\com\paulscode\librarylwjglopenal\20100824\librarylwjglopenal-20100824.jar;jars\libraries\com\paulscode\soundsystem\20120107\soundsystem-20120107.jar;jars\libraries\io\netty\netty-all\4.0.23.Final\netty-all-4.0.23.Final.jar;jars\libraries\com\google\guava\guava\17.0\guava-17.0.jar;jars\libraries\org\apache\commons\commons-lang3\3.3.2\commons-lang3-3.3.2.jar;jars\libraries\commons-io\commons-io\2.4\commons-io-2.4.jar;jars\libraries\commons-codec\commons-codec\1.9\commons-codec-1.9.jar;jars\libraries\net\java\jinput\jinput\2.0.5\jinput-2.0.5.jar;jars\libraries\net\java\jutils\jutils\1.0.0\jutils-1.0.0.jar;jars\libraries\com\google\code\gson\gson\2.2.4\gson-2.2.4.jar;jars\libraries\com\mojang\authlib\1.5.22\authlib-1.5.22.jar;jars\libraries\com\mojang\realms\1.8.19\realms-1.8.19.jar;jars\libraries\org\apache\commons\commons-compress\1.8.1\commons-compress-1.8.1.jar;jars\libraries\org\apache\httpcomponents\httpclient\4.3.3\httpclient-4.3.3.jar;jars\libraries\commons-logging\commons-logging\1.1.3\commons-logging-1.1.3.jar;jars\libraries\org\apache\httpcomponents\httpcore\4.3.2\httpcore-4.3.2.jar;jars\libraries\it\unimi\dsi\fastutil\7.0.12_mojang\fastutil-7.0.12_mojang.jar;jars\libraries\org\apache\logging\log4j\log4j-api\2.0-beta9\log4j-api-2.0-beta9.jar;jars\libraries\org\apache\logging\log4j\log4j-core\2.0-beta9\log4j-core-2.0-beta9.jar;jars\libraries\org\lwjgl\lwjgl\lwjgl\2.9.4-nightly-20150209\lwjgl-2.9.4-nightly-20150209.jar;jars\libraries\org\lwjgl\lwjgl\lwjgl_util\2.9.4-nightly-20150209\lwjgl_util-2.9.4-nightly-20150209.jar;jars\libraries\org\lwjgl\lwjgl\lwjgl-platform\2.9.4-nightly-20150209\lwjgl-platform-2.9.4-nightly-20150209-natives-windows.jar;jars\libraries\net\java\jinput\jinput-platform\2.0.5\jinput-platform-2.0.5-natives-windows.jar" -sourcepath src\minecraft -d bin\minecraft @temp\java_src_client.txt @temp\scala_src_client.txt' failed : 1
00:40:14 - 
00:40:14 - == ERRORS FOUND in SCALA CODE ==
00:40:14 - 
00:40:14 -  === Your scala version is out of date, update to at least 2.10.0 ===
00:40:14 - bad option '-target:jvm-1.6' was ignored
00:40:14 - [31m[31m-- [E057] Type Mismatch Error: src\minecraft\net\minecraft\block\BlockFlower.java:61:33 [0m[0m
00:40:14 - [31m61 |[0m    public IProperty<BlockFlower.EnumFlowerType> getTypeProperty()
00:40:14 - [31m[31m   |[0m                                 ^[0m
00:40:14 - 
00:40:14 - [31m   |[0mType argument net.minecraft.block.BlockFlower.EnumFlowerType does not conform to upper bound Comparable[net.minecraft.block.BlockFlower.EnumFlowerType]
00:40:14 - [31m   |[0m
00:40:14 - [31m   |[0m longer explanation available when compiling with `-explain`
00:40:14 - [31m[31m-- [E057] Type Mismatch Error: src\minecraft\net\minecraft\block\BlockRail.java:30:35 [0m[0m
00:40:14 - [31m30 |[0m    public IProperty<BlockRailBase.EnumRailDirection> getShapeProperty()
00:40:14 - [31m[31m   |[0m                                   ^[0m
00:40:14 - 
00:40:14 - [31m   |[0mType argument net.minecraft.block.BlockRailBase.EnumRailDirection does not conform to upper bound Comparable[net.minecraft.block.BlockRailBase.EnumRailDirection]
00:40:14 - [31m   |[0m
00:40:14 - [31m   |[0m longer explanation available when compiling with `-explain`
00:40:14 - [31m[31m-- [E057] Type Mismatch Error: src\minecraft\net\minecraft\block\BlockRailBase.java:163:44 [0m[0m
00:40:14 - [31m163 |[0m    public [33mabstract[0m IProperty<BlockRailBase.EnumRailDirection> getShapeProperty();
00:40:14 - [31m[31m    |[0m                                            ^[0m
00:40:14 - 
00:40:14 - [31m    |[0mType argument net.minecraft.block.BlockRailBase.EnumRailDirection does not conform to upper bound Comparable[net.minecraft.block.BlockRailBase.EnumRailDirection]
00:40:14 - [31m    |[0m
00:40:14 - [31m    |[0m longer explanation available when compiling with `-explain`
00:40:14 - [31m[31m-- [E057] Type Mismatch Error: src\minecraft\net\minecraft\block\BlockRailDetector.java:157:35 [0m[0m
00:40:14 - [31m157 |[0m    public IProperty<BlockRailBase.EnumRailDirection> getShapeProperty()
00:40:14 - [31m[31m    |[0m                                   ^[0m
00:40:14 - 
00:40:14 - [31m    |[0mType argument net.minecraft.block.BlockRailBase.EnumRailDirection does not conform to upper bound Comparable[net.minecraft.block.BlockRailBase.EnumRailDirection]
00:40:14 - [31m    |[0m
00:40:14 - [31m    |[0m longer explanation available when compiling with `-explain`
00:40:14 - [31m[31m-- [E057] Type Mismatch Error: src\minecraft\net\minecraft\block\BlockRailPowered.java:169:35 [0m[0m
00:40:14 - [31m169 |[0m    public IProperty<BlockRailBase.EnumRailDirection> getShapeProperty()
00:40:14 - [31m[31m    |[0m                                   ^[0m
00:40:14 - 
00:40:14 - [31m    |[0mType argument net.minecraft.block.BlockRailBase.EnumRailDirection does not conform to upper bound Comparable[net.minecraft.block.BlockRailBase.EnumRailDirection]
00:40:14 - [31m    |[0m
00:40:14 - [31m    |[0m longer explanation available when compiling with `-explain`
00:40:14 - 1 warning found
00:40:14 - 5 errors found
00:40:14 - ================================
00:40:14 - 
00:40:14 - Initial client recompile failed, correct source then run updatemd5
00:40:21 - '"scalac.bat" -encoding UTF-8 -deprecation -target:jvm-1.6 -classpath "lib;lib\*;jars\minecraft_server.jar" -sourcepath src\minecraft_server -d bin\minecraft_server @temp\java_src_server.txt @temp\scala_src_server.txt' failed : 1
00:40:21 - 
00:40:21 - == ERRORS FOUND in SCALA CODE ==
00:40:21 - 
00:40:21 -  === Your scala version is out of date, update to at least 2.10.0 ===
00:40:21 - bad option '-target:jvm-1.6' was ignored
00:40:21 - [31m[31m-- [E057] Type Mismatch Error: src\minecraft_server\net\minecraft\block\BlockFlower.java:46:33 [0m[0m
00:40:21 - [31m46 |[0m    public IProperty<BlockFlower.EnumFlowerType> getTypeProperty()
00:40:21 - [31m[31m   |[0m                                 ^[0m
00:40:21 - 
00:40:21 - [31m   |[0mType argument net.minecraft.block.BlockFlower.EnumFlowerType does not conform to upper bound Comparable[net.minecraft.block.BlockFlower.EnumFlowerType]
00:40:21 - [31m   |[0m
00:40:21 - [31m   |[0m longer explanation available when compiling with `-explain`
00:40:21 - [31m[31m-- [E057] Type Mismatch Error: src\minecraft_server\net\minecraft\block\BlockRail.java:30:35 [0m[0m
00:40:21 - [31m30 |[0m    public IProperty<BlockRailBase.EnumRailDirection> getShapeProperty()
00:40:21 - [31m[31m   |[0m                                   ^[0m
00:40:21 - 
00:40:21 - [31m   |[0mType argument net.minecraft.block.BlockRailBase.EnumRailDirection does not conform to upper bound Comparable[net.minecraft.block.BlockRailBase.EnumRailDirection]
00:40:21 - [31m   |[0m
00:40:21 - [31m   |[0m longer explanation available when compiling with `-explain`
00:40:21 - [31m[31m-- [E057] Type Mismatch Error: src\minecraft_server\net\minecraft\block\BlockRailBase.java:157:44 [0m[0m
00:40:21 - [31m157 |[0m    public [33mabstract[0m IProperty<BlockRailBase.EnumRailDirection> getShapeProperty();
00:40:21 - [31m[31m    |[0m                                            ^[0m
00:40:21 - 
00:40:21 - [31m    |[0mType argument net.minecraft.block.BlockRailBase.EnumRailDirection does not conform to upper bound Comparable[net.minecraft.block.BlockRailBase.EnumRailDirection]
00:40:21 - [31m    |[0m
00:40:21 - [31m    |[0m longer explanation available when compiling with `-explain`
00:40:21 - [31m[31m-- [E057] Type Mismatch Error: src\minecraft_server\net\minecraft\block\BlockRailDetector.java:157:35 [0m[0m
00:40:21 - [31m157 |[0m    public IProperty<BlockRailBase.EnumRailDirection> getShapeProperty()
00:40:21 - [31m[31m    |[0m                                   ^[0m
00:40:21 - 
00:40:21 - [31m    |[0mType argument net.minecraft.block.BlockRailBase.EnumRailDirection does not conform to upper bound Comparable[net.minecraft.block.BlockRailBase.EnumRailDirection]
00:40:21 - [31m    |[0m
00:40:21 - [31m    |[0m longer explanation available when compiling with `-explain`
00:40:21 - [31m[31m-- [E057] Type Mismatch Error: src\minecraft_server\net\minecraft\block\BlockRailPowered.java:169:35 [0m[0m
00:40:21 - [31m169 |[0m    public IProperty<BlockRailBase.EnumRailDirection> getShapeProperty()
00:40:21 - [31m[31m    |[0m                                   ^[0m
00:40:21 - 
00:40:21 - [31m    |[0mType argument net.minecraft.block.BlockRailBase.EnumRailDirection does not conform to upper bound Comparable[net.minecraft.block.BlockRailBase.EnumRailDirection]
00:40:21 - [31m    |[0m
00:40:21 - [31m    |[0m longer explanation available when compiling with `-explain`
00:40:21 - 1 warning found
00:40:21 - 5 errors found
00:40:21 - ================================
00:40:21 - 
00:40:21 - Initial server recompile failed, correct source then run updatemd5
